make all --print-data-base --no-builtin-variables --no-builtin-rules --question
# GNU Make 4.1
# Built for x86_64-pc-linux-gnu
# Copyright (C) 1988-2014 Free Software Foundation, Inc.
# License GPLv3+: GNU GPL version 3 or later <http://gnu.org/licenses/gpl.html>
# This is free software: you are free to change and redistribute it.
# There is NO WARRANTY, to the extent permitted by law.

# Make data base, printed on Mon Jun 13 16:53:20 2022

# Variables

# automatic
<D = $(patsubst %/,%,$(dir $<))
# automatic
?F = $(notdir $?)
# environment
DESKTOP_SESSION = xubuntu
# default
.SHELLFLAGS := -c
# environment
XDG_SESSION_TYPE = x11
# environment
VSCODE_LOG_NATIVE = false
# makefile (from 'Makefile', line 6)
TARGET = server
# automatic
?D = $(patsubst %/,%,$(dir $?))
# automatic
@D = $(patsubst %/,%,$(dir $@))
# environment
XAUTHORITY = /home/student/.Xauthority
# environment
GDMSESSION = xubuntu
# default
MAKE_VERSION := 4.1
# makefile
CURDIR := /home/student/Desktop/HW3/OS_HW3
# makefile
SHELL = /bin/sh
# environment
GDM_LANG = en
# environment
VSCODE_NLS_CONFIG = {"locale":"en-us","availableLanguages":{},"_languagePackSupport":true}
# environment
_ = /usr/share/code/code
# makefile (from 'Makefile', line 9)
CFLAGS = -g -Wall
# environment
XDG_CONFIG_DIRS = /etc/xdg/xdg-xubuntu:/etc/xdg:/etc/xdg
# environment
GTK_OVERLAY_SCROLLING = 0
# makefile (from 'Makefile', line 1)
MAKEFILE_LIST :=  Makefile
# automatic
@F = $(notdir $@)
# environment
IM_CONFIG_PHASE = 2
# 'override' directive
GNUMAKEFLAGS := 
# environment
MAKELEVEL := 0
# environment
MANDATORY_PATH = /usr/share/gconf/xubuntu.mandatory.path
# environment
XDG_DATA_DIRS = /usr/share/xfce4:/usr/share/xubuntu:/usr/local/share:/usr/share:/var/lib/snapd/desktop:/usr/share
# environment
DBUS_SESSION_BUS_ADDRESS = unix:path=/run/user/1000/bus
# environment
VSCODE_VERBOSE_LOGGING = true
# environment
GLADE_PIXMAP_PATH = :
# makefile (from 'Makefile', line 5)
OBJS = server.o request.o segel.o client.o
# environment
LESSOPEN = | /usr/bin/lesspipe %s
# environment
VSCODE_CWD = /home/student
# environment
XDG_SESSION_PATH = /org/freedesktop/DisplayManager/Session0
# default
MAKE_HOST := x86_64-pc-linux-gnu
# environment
PATH = /usr/local/sbin:/usr/local/bin:/usr/sbin:/usr/bin:/sbin:/bin:/usr/games:/usr/local/games:/snap/bin
# environment
GPG_AGENT_INFO = /run/user/1000/gnupg/S.gpg-agent:0:1
# environment
SESSION_MANAGER = local/pc:@/tmp/.ICE-unix/1866,unix/pc:/tmp/.ICE-unix/1866
# environment
XDG_RUNTIME_DIR = /run/user/1000
# environment
TEXTDOMAIN = im-config
# environment
XDG_MENU_PREFIX = xfce-
# environment
VSCODE_LOG_STACK = false
# environment
ELECTRON_RUN_AS_NODE = 1
# default
.FEATURES := target-specific order-only second-expansion else-if shortest-stem undefine oneshell archives jobserver output-sync check-symlink load
# environment
GLADE_MODULE_PATH = :
# environment
XDG_GREETER_DATA_DIR = /var/lib/lightdm-data/student
# environment
LS_COLORS = 
# environment
XDG_SESSION_DESKTOP = xubuntu
# environment
SSH_AUTH_SOCK = /run/user/1000/keyring/ssh
# automatic
%F = $(notdir $%)
# environment
DISPLAY = :0.0
# environment
VSCODE_PIPE_LOGGING = true
# environment
PWD = /home/student/Desktop/HW3/OS_HW3
# environment
QT_QPA_PLATFORMTHEME = gtk2
# environment
XDG_SEAT = seat0
# environment
SSH_AGENT_PID = 1839
# environment
ORIGINAL_XDG_CURRENT_DESKTOP = XFCE
# environment
VSCODE_AMD_ENTRYPOINT = vs/workbench/api/node/extensionHostProcess
# environment
HOME = /home/student
# environment
LESSCLOSE = /usr/bin/lesspipe %s %s
# environment
VSCODE_CODE_CACHE_PATH = /home/student/.config/Code/CachedData/dfd34e8260c270da74b5c2d86d61aee4b6d56977
# environment
LOGNAME = student
# environment
APPLICATION_INSIGHTS_NO_DIAGNOSTIC_CHANNEL = 1
# environment
VSCODE_HANDLES_UNCAUGHT_ERRORS = true
# automatic
^D = $(patsubst %/,%,$(dir $^))
# environment
XDG_VTNR = 7
# environment
CLUTTER_BACKEND = x11
# environment
GLADE_CATALOG_PATH = :
# default
MAKE = $(MAKE_COMMAND)
# default
MAKECMDGOALS := all
# environment
SHLVL = 1
# makefile (from 'Makefile', line 8)
CC = gcc
# environment
VSCODE_IPC_HOOK_EXTHOST = /run/user/1000/vscode-ipc-6671833a-2579-45ca-96c1-447826e5eba8.sock
# environment
XDG_SESSION_ID = c1
# environment
USER = student
# makefile
.DEFAULT_GOAL := all
# environment
XDG_CURRENT_DESKTOP = XFCE
# automatic
%D = $(patsubst %/,%,$(dir $%))
# default
MAKE_COMMAND := make
# default
.VARIABLES := 
# automatic
*F = $(notdir $*)
# environment
LANGUAGE = en
# environment
XDG_SEAT_PATH = /org/freedesktop/DisplayManager/Seat0
# environment
VSCODE_IPC_HOOK = /run/user/1000/vscode-62ee4e9e-1.66.2-main.sock
# makefile
MAKEFLAGS = pqrR
# environment
MFLAGS = -pqrR
# automatic
*D = $(patsubst %/,%,$(dir $*))
# automatic
+D = $(patsubst %/,%,$(dir $+))
# environment
GDK_BACKEND = x11
# automatic
+F = $(notdir $+)
# environment
QT_ACCESSIBILITY = 1
# environment
DEFAULTS_PATH = /usr/share/gconf/xubuntu.default.path
# environment
TEXTDOMAINDIR = /usr/share/locale/
# default
MAKEFILES := 
# automatic
<F = $(notdir $<)
# environment
LC_ALL = C
# makefile (from 'Makefile', line 11)
LIBS = -lpthread 
# automatic
^F = $(notdir $^)
# default
SUFFIXES := 
# environment
CHROME_DESKTOP = code-url-handler.desktop
# default
.INCLUDE_DIRS = /usr/include /usr/local/include /usr/include
# default
.RECIPEPREFIX := 
# environment
LANG = C
# environment
VSCODE_PID = 8150
# variable set hash-table stats:
# Load=104/1024=10%, Rehash=0, Collisions=10/132=8%

# Pattern-specific Variable Values

# No pattern-specific variable values.

# Directories

# . (device 2050, inode 1441964): 24 files, no impossibilities.

# 24 files, no impossibilities in 1 directories.

# Implicit Rules

%.c:

%.o: %.c
#  recipe to execute (from 'Makefile', line 29):
	$(CC) $(CFLAGS) -o $@ -c $<

%.o:

# 3 implicit rules, 0 (0.0%) terminal.

# Files

output.cgi: output.c
#  Implicit rule search has not been done.
#  Last modified 2022-06-12 10:31:17.603438127
#  File has been updated.
#  Successfully updated.
#  recipe to execute (from 'Makefile', line 26):
	$(CC) $(CFLAGS) -o output.cgi output.c

all: server client output.cgi
#  Command line target.
#  Implicit rule search has not been done.
#  Implicit/static pattern stem: ''
#  File does not exist.
#  File has been updated.
#  Needs to be updated (-q is set).
# automatic
# @ := all
# automatic
# % := 
# automatic
# * := 
# automatic
# + := server client output.cgi
# automatic
# | := 
# automatic
# < := server
# automatic
# ^ := server client output.cgi
# automatic
# ? := server client output.cgi
# variable set hash-table stats:
# Load=8/32=25%, Rehash=0, Collisions=1/11=9%
#  recipe to execute (from 'Makefile', line 16):
 
	-mkdir -p public
	-cp output.cgi favicon.ico home.html public

# Not a target:
.o:
#  Implicit rule search has not been done.
#  Modification time never checked.
#  File has not been updated.

client: client.o segel.o
#  Implicit rule search has not been done.
#  Last modified 2022-06-13 16:28:40.430740701
#  File has been updated.
#  Successfully updated.
#  recipe to execute (from 'Makefile', line 23):
	$(CC) $(CFLAGS) -o client client.o segel.o

# Not a target:
output.c:
#  Implicit rule search has been done.
#  Last modified 2022-06-12 10:31:17.603438127
#  File has been updated.
#  Successfully updated.

# Not a target:
client.c:
#  Implicit rule search has been done.
#  Last modified 2022-06-13 16:25:38.479422768
#  File has been updated.
#  Successfully updated.

.SUFFIXES: .c .o
#  Implicit rule search has not been done.
#  Modification time never checked.
#  File has not been updated.

# Not a target:
Makefile:
#  Implicit rule search has been done.
#  Last modified 2022-06-12 10:37:04.123515403
#  File has been updated.
#  Successfully updated.

client.o: client.c
#  Implicit rule search has been done.
#  Implicit/static pattern stem: 'client'
#  Last modified 2022-06-13 16:25:38.479422768
#  File has been updated.
#  Successfully updated.
#  recipe to execute (from 'Makefile', line 29):
	$(CC) $(CFLAGS) -o $@ -c $<

server.o: server.c
#  Implicit rule search has been done.
#  Implicit/static pattern stem: 'server'
#  Last modified 2022-06-13 16:25:38.479422768
#  File has been updated.
#  Successfully updated.
#  recipe to execute (from 'Makefile', line 29):
	$(CC) $(CFLAGS) -o $@ -c $<

server: server.o request.o segel.o
#  Implicit rule search has not been done.
#  Last modified 2022-06-13 16:28:40.410740736
#  File has been updated.
#  Successfully updated.
#  recipe to execute (from 'Makefile', line 20):
	$(CC) $(CFLAGS) -o server server.o request.o segel.o $(LIBS)

# Not a target:
.c:
#  Implicit rule search has not been done.
#  Modification time never checked.
#  File has not been updated.

.c.o:
#  Implicit rule search has not been done.
#  Modification time never checked.
#  File has not been updated.
#  recipe to execute (from 'Makefile', line 29):
	$(CC) $(CFLAGS) -o $@ -c $<

segel.o: segel.c
#  Implicit rule search has been done.
#  Implicit/static pattern stem: 'segel'
#  Last modified 2022-06-13 16:28:40.354740831
#  File has been updated.
#  Successfully updated.
#  recipe to execute (from 'Makefile', line 29):
	$(CC) $(CFLAGS) -o $@ -c $<

# Not a target:
.DEFAULT:
#  Implicit rule search has not been done.
#  Modification time never checked.
#  File has not been updated.

request.o: request.c
#  Implicit rule search has been done.
#  Implicit/static pattern stem: 'request'
#  Last modified 2022-06-13 16:25:38.479422768
#  File has been updated.
#  Successfully updated.
#  recipe to execute (from 'Makefile', line 29):
	$(CC) $(CFLAGS) -o $@ -c $<

# Not a target:
server.c:
#  Implicit rule search has been done.
#  Last modified 2022-06-13 16:25:38.479422768
#  File has been updated.
#  Successfully updated.

clean:
#  Implicit rule search has not been done.
#  Modification time never checked.
#  File has not been updated.
#  recipe to execute (from 'Makefile', line 32):
	-rm -f $(OBJS) server client output.cgi
	-rm -rf public

# Not a target:
segel.c:
#  Implicit rule search has been done.
#  Last modified 2022-06-13 16:25:38.479422768
#  File has been updated.
#  Successfully updated.

# Not a target:
request.c:
#  Implicit rule search has been done.
#  Last modified 2022-06-13 16:25:38.479422768
#  File has been updated.
#  Successfully updated.

# files hash-table stats:
# Load=20/1024=2%, Rehash=0, Collisions=10/61=16%
# VPATH Search Paths

# No 'vpath' search paths.

# No general ('VPATH' variable) search path.

# strcache buffers: 1 (0) / strings = 37 / storage = 303 B / avg = 8 B
# current buf: size = 8162 B / used = 303 B / count = 37 / avg = 8 B

# strcache performance: lookups = 75 / hit rate = 50%
# hash-table stats:
# Load=37/8192=0%, Rehash=0, Collisions=5/75=7%
# Finished Make data base on Mon Jun 13 16:53:20 2022

 
